<?xml version="1.0" encoding="UTF-8"?>
<!-- Generated by org.testng.reporters.JUnitReportReporter -->
<testsuite hostname="LAPTOP-V8Q69O7J" failures="0" tests="5" name="com.SwagLabs.SwagLabs" time="29.198" errors="0" timestamp="2023-01-22T13:40:06 IST" skipped="0">
  <testcase classname="com.SwagLabs.SwagLabs" name="VerifyLoginPage" time="5.297"/>
  <system-out>
    <![CDATA[ LOgin Page Verifcation Functionality success ]]>
  </system-out>
  <testcase classname="com.SwagLabs.SwagLabs" name="ValidLoginCredential" time="5.220"/>
  <system-out>
    <![CDATA[ CURRENT PAGE URL = https://www.saucedemo.com/inventory.html
 CURRENT PAGE TITLE = Swag Labs
 Valid Login Credential Success ]]>
  </system-out>
  <testcase classname="com.SwagLabs.SwagLabs" name="VerificationDashboard" time="7.832"/>
  <system-out>
    <![CDATA[ CURRENT PAGE URL = https://www.saucedemo.com/inventory.html
 CURRENT PAGE TITLE = Swag Labs
 Item Name[0] : Sauce Labs Backpack : ItemPrice : $29.99
 Item Name[1] : Sauce Labs Bike Light : ItemPrice : $9.99
 Item Name[2] : Sauce Labs Bolt T-Shirt : ItemPrice : $15.99
 Item Name[3] : Sauce Labs Fleece Jacket : ItemPrice : $49.99
 Item Name[4] : Sauce Labs Onesie : ItemPrice : $7.99
 Item Name[5] : Test.allTheThings() T-Shirt (Red) : ItemPrice : $15.99
 Valid Dashboard Functionality Success]]>
  </system-out>
  <testcase classname="com.SwagLabs.SwagLabs" name="AddToCardItem" time="5.360"/>
  <system-out>
    <![CDATA[ ADD to card Item is = Sauce Labs Fleece Jacket
 Add To Card Inventery Field Success ]]>
  </system-out>
  <testcase classname="com.SwagLabs.SwagLabs" name="VerifyAddToCardItem" time="5.489"/>
  <system-out>
    <![CDATA[ ADD to card Item is = Sauce Labs Fleece Jacket
 CURRENT URL = https://www.saucedemo.com/cart.html
 CURRENT PAGE TITLE = Swag Labs
 ITEM NAME = Sauce Labs Fleece Jacket
 ITEM PRICE = $49.99
 Add Card Item Same As Selected Item Name ]]>
  </system-out>
</testsuite> <!-- com.SwagLabs.SwagLabs -->
